2026-04-28 16:20:00,045 INFO o.a.j.u.JMeterUtils: Setting Locale to en_EN
2026-04-28 16:20:00,059 INFO o.a.j.JMeter: Loading user properties from: D:\уник\4 сем\жаба\jmeter\apache-jmeter-5.6.3\bin\user.properties
2026-04-28 16:20:00,059 INFO o.a.j.JMeter: Loading system properties from: D:\уник\4 сем\жаба\jmeter\apache-jmeter-5.6.3\bin\system.properties
2026-04-28 16:20:00,066 INFO o.a.j.JMeter: Copyright (c) 1998-2024 The Apache Software Foundation
2026-04-28 16:20:00,066 INFO o.a.j.JMeter: Version 5.6.3
2026-04-28 16:20:00,066 INFO o.a.j.JMeter: java.version=25.0.2
2026-04-28 16:20:00,066 INFO o.a.j.JMeter: java.vm.name=OpenJDK 64-Bit Server VM
2026-04-28 16:20:00,066 INFO o.a.j.JMeter: os.name=Windows 11
2026-04-28 16:20:00,066 INFO o.a.j.JMeter: os.arch=amd64
2026-04-28 16:20:00,066 INFO o.a.j.JMeter: os.version=10.0
2026-04-28 16:20:00,066 INFO o.a.j.JMeter: file.encoding=UTF-8
2026-04-28 16:20:00,066 INFO o.a.j.JMeter: java.awt.headless=null
2026-04-28 16:20:00,067 INFO o.a.j.JMeter: Max memory     =1073741824
2026-04-28 16:20:00,067 INFO o.a.j.JMeter: Available Processors =12
2026-04-28 16:20:00,078 INFO o.a.j.JMeter: Default Locale=English (EN)
2026-04-28 16:20:00,078 INFO o.a.j.JMeter: JMeter  Locale=English (EN)
2026-04-28 16:20:00,079 INFO o.a.j.JMeter: JMeterHome=D:\уник\4 сем\жаба\jmeter\apache-jmeter-5.6.3
2026-04-28 16:20:00,079 INFO o.a.j.JMeter: user.dir  =C:\Users\Administrator\IdeaProjects\TaskBoard
2026-04-28 16:20:00,079 INFO o.a.j.JMeter: PWD       =C:\Users\Administrator\IdeaProjects\TaskBoard
2026-04-28 16:20:09,575 INFO o.a.j.JMeter: IP: 192.168.10.109 Name: Mikinas FullName: 192.168.10.109
2026-04-28 16:20:09,587 INFO o.a.j.JMeter: Loaded icon properties from org/apache/jmeter/images/icon.properties
2026-04-28 16:20:09,776 INFO o.a.j.JMeterGuiLauncher: Setting LAF to: com.github.weisj.darklaf.DarkLaf:com.github.weisj.darklaf.theme.DarculaTheme
2026-04-28 16:20:25,899 INFO o.a.j.s.FileServer: Default base='C:\Users\Administrator\IdeaProjects\TaskBoard'
2026-04-28 16:20:25,901 INFO o.a.j.g.a.Load: Loading file: C:\Users\Administrator\IdeaProjects\TaskBoard\load-tests\project-summary-report-loadtest.jmx
2026-04-28 16:20:25,901 INFO o.a.j.s.FileServer: Set new base='C:\Users\Administrator\IdeaProjects\TaskBoard\load-tests'
2026-04-28 16:20:26,106 INFO o.a.j.s.SaveService: Testplan (JMX) version: 2.2. Testlog (JTL) version: 2.2
2026-04-28 16:20:26,136 INFO o.a.j.s.SaveService: Using SaveService properties version 5.0
2026-04-28 16:20:26,138 INFO o.a.j.s.SaveService: Using SaveService properties file encoding UTF-8
2026-04-28 16:20:26,139 INFO o.a.j.s.SaveService: Loading file: C:\Users\Administrator\IdeaProjects\TaskBoard\load-tests\project-summary-report-loadtest.jmx
2026-04-28 16:20:26,175 INFO o.a.j.p.h.s.HTTPSamplerBase: Parser for text/html is org.apache.jmeter.protocol.http.parser.LagartoBasedHtmlParser
2026-04-28 16:20:26,176 INFO o.a.j.p.h.s.HTTPSamplerBase: Parser for application/xhtml+xml is org.apache.jmeter.protocol.http.parser.LagartoBasedHtmlParser
2026-04-28 16:20:26,176 INFO o.a.j.p.h.s.HTTPSamplerBase: Parser for application/xml is org.apache.jmeter.protocol.http.parser.LagartoBasedHtmlParser
2026-04-28 16:20:26,176 INFO o.a.j.p.h.s.HTTPSamplerBase: Parser for text/xml is org.apache.jmeter.protocol.http.parser.LagartoBasedHtmlParser
2026-04-28 16:20:26,176 INFO o.a.j.p.h.s.HTTPSamplerBase: Parser for text/vnd.wap.wml is org.apache.jmeter.protocol.http.parser.RegexpHTMLParser
2026-04-28 16:20:26,176 INFO o.a.j.p.h.s.HTTPSamplerBase: Parser for text/css is org.apache.jmeter.protocol.http.parser.CssParser
2026-04-28 16:20:26,318 INFO o.a.j.s.FileServer: Set new base='C:\Users\Administrator\IdeaProjects\TaskBoard\load-tests'
2026-04-28 16:22:28,390 INFO o.a.j.e.StandardJMeterEngine: Running the test!
2026-04-28 16:22:28,391 INFO o.a.j.s.SampleEvent: List of sample_variables: []
2026-04-28 16:22:28,391 INFO o.a.j.s.SampleEvent: List of sample_variables: []
2026-04-28 16:22:28,391 INFO o.a.j.e.u.CompoundVariable: Note: Function class names must contain the string: '.functions.'
2026-04-28 16:22:28,391 INFO o.a.j.e.u.CompoundVariable: Note: Function class names must not contain the string: '.gui.'
2026-04-28 16:22:28,435 INFO o.a.j.g.u.JMeterMenuBar: setRunning(true, *local*)
2026-04-28 16:22:28,465 INFO o.a.j.e.StandardJMeterEngine: Starting ThreadGroup: 1 : Submit Summary Report
2026-04-28 16:22:28,465 INFO o.a.j.e.StandardJMeterEngine: Starting 200 threads for group Submit Summary Report.
2026-04-28 16:22:28,465 INFO o.a.j.e.StandardJMeterEngine: Thread will continue on error
2026-04-28 16:22:28,466 INFO o.a.j.t.ThreadGroup: Starting thread group... number=1 threads=200 ramp-up=1 delayedStart=false
2026-04-28 16:22:28,468 INFO o.a.j.t.JMeterThread: Thread started: Submit Summary Report 1-1
2026-04-28 16:22:28,472 INFO o.a.j.t.JMeterThread: Thread started: Submit Summary Report 1-2
2026-04-28 16:22:28,477 INFO o.a.j.t.JMeterThread: Thread started: Submit Summary Report 1-3
2026-04-28 16:22:28,484 INFO o.a.j.t.JMeterThread: Thread started: Submit Summary Report 1-4
2026-04-28 16:22:28,487 INFO o.a.j.p.h.s.HTTPHCAbstractImpl: Local host = Mikinas
2026-04-28 16:22:28,488 INFO o.a.j.t.JMeterThread: Thread started: Submit Summary Report 1-5
2026-04-28 16:22:28,492 INFO o.a.j.t.JMeterThread: Thread started: Submit Summary Report 1-6
2026-04-28 16:22:28,497 INFO o.a.j.t.JMeterThread: Thread started: Submit Summary Report 1-7
2026-04-28 16:22:28,498 INFO o.a.j.p.h.s.HTTPHC4Impl: HTTP request retry count = 0
2026-04-28 16:22:28,499 INFO o.a.j.s.SampleResult: Note: Sample TimeStamps are START times
2026-04-28 16:22:28,499 INFO o.a.j.s.SampleResult: sampleresult.default.encoding is set to UTF-8
2026-04-28 16:22:28,499 INFO o.a.j.s.SampleResult: sampleresult.useNanoTime=true
2026-04-28 16:22:28,499 INFO o.a.j.s.SampleResult: sampleresult.nanoThreadSleep=5000
2026-04-28 16:22:28,502 INFO o.a.j.t.JMeterThread: Thread started: Submit Summary Report 1-8
2026-04-28 16:22:28,509 INFO o.a.j.t.JMeterThread: Thread started: Submit Summary Report 1-9
2026-04-28 16:22:28,512 INFO o.a.j.t.JMeterThread: Thread started: Submit Summary Report 1-10
2026-04-28 16:22:28,513 INFO o.a.j.t.ThreadGroup: Started thread group number 1
2026-04-28 16:22:28,513 INFO o.a.j.e.StandardJMeterEngine: All thread groups have been started
2026-04-28 16:22:28,517 INFO o.a.j.t.JMeterThread: Thread started: Submit Summary Report 1-11
2026-04-28 16:22:28,522 INFO o.a.j.t.JMeterThread: Thread started: Submit Summary Report 1-12
2026-04-28 16:22:28,528 INFO o.a.j.t.JMeterThread: Thread started: Submit Summary Report 1-13
2026-04-28 16:22:28,533 INFO o.a.j.t.JMeterThread: Thread started: Submit Summary Report 1-14
2026-04-28 16:22:28,537 INFO o.a.j.t.JMeterThread: Thread started: Submit Summary Report 1-15
2026-04-28 16:22:28,544 INFO o.a.j.t.JMeterThread: Thread started: Submit Summary Report 1-16
2026-04-28 16:22:28,548 INFO o.a.j.t.JMeterThread: Thread started: Submit Summary Report 1-17
2026-04-28 16:22:28,555 INFO o.a.j.t.JMeterThread: Thread started: Submit Summary Report 1-18
2026-04-28 16:22:28,557 INFO o.a.j.t.JMeterThread: Thread started: Submit Summary Report 1-19
2026-04-28 16:22:28,563 INFO o.a.j.t.JMeterThread: Thread started: Submit Summary Report 1-20
2026-04-28 16:22:28,568 INFO o.a.j.t.JMeterThread: Thread started: Submit Summary Report 1-21
2026-04-28 16:22:28,572 INFO o.a.j.t.JMeterThread: Thread started: Submit Summary Report 1-22
2026-04-28 16:22:28,578 INFO o.a.j.t.JMeterThread: Thread started: Submit Summary Report 1-23
2026-04-28 16:22:28,583 INFO o.a.j.t.JMeterThread: Thread started: Submit Summary Report 1-24
2026-04-28 16:22:28,588 INFO o.a.j.t.JMeterThread: Thread started: Submit Summary Report 1-25
2026-04-28 16:22:28,593 INFO o.a.j.t.JMeterThread: Thread started: Submit Summary Report 1-26
2026-04-28 16:22:28,597 INFO o.a.j.t.JMeterThread: Thread started: Submit Summary Report 1-27
2026-04-28 16:22:28,603 INFO o.a.j.t.JMeterThread: Thread started: Submit Summary Report 1-28
2026-04-28 16:22:28,608 INFO o.a.j.t.JMeterThread: Thread started: Submit Summary Report 1-29
2026-04-28 16:22:28,613 INFO o.a.j.t.JMeterThread: Thread started: Submit Summary Report 1-30
2026-04-28 16:22:28,616 INFO o.a.j.t.JMeterThread: Thread started: Submit Summary Report 1-31
2026-04-28 16:22:28,623 INFO o.a.j.t.JMeterThread: Thread started: Submit Summary Report 1-32
2026-04-28 16:22:28,628 INFO o.a.j.t.JMeterThread: Thread started: Submit Summary Report 1-33
2026-04-28 16:22:28,632 INFO o.a.j.t.JMeterThread: Thread started: Submit Summary Report 1-34
2026-04-28 16:22:28,639 INFO o.a.j.t.JMeterThread: Thread started: Submit Summary Report 1-35
2026-04-28 16:22:28,643 INFO o.a.j.t.JMeterThread: Thread started: Submit Summary Report 1-36
2026-04-28 16:22:28,648 INFO o.a.j.t.JMeterThread: Thread started: Submit Summary Report 1-37
2026-04-28 16:22:28,651 INFO o.a.j.t.JMeterThread: Thread started: Submit Summary Report 1-38
2026-04-28 16:22:28,657 INFO o.a.j.t.JMeterThread: Thread started: Submit Summary Report 1-39
2026-04-28 16:22:28,663 INFO o.a.j.t.JMeterThread: Thread started: Submit Summary Report 1-40
2026-04-28 16:22:28,668 INFO o.a.j.t.JMeterThread: Thread started: Submit Summary Report 1-41
2026-04-28 16:22:28,673 INFO o.a.j.t.JMeterThread: Thread started: Submit Summary Report 1-42
2026-04-28 16:22:28,677 INFO o.a.j.t.JMeterThread: Thread started: Submit Summary Report 1-43
2026-04-28 16:22:28,682 INFO o.a.j.t.JMeterThread: Thread started: Submit Summary Report 1-44
2026-04-28 16:22:28,687 INFO o.a.j.t.JMeterThread: Thread started: Submit Summary Report 1-45
2026-04-28 16:22:28,692 INFO o.a.j.t.JMeterThread: Thread started: Submit Summary Report 1-46
2026-04-28 16:22:28,696 INFO o.a.j.t.JMeterThread: Thread started: Submit Summary Report 1-47
2026-04-28 16:22:28,703 INFO o.a.j.t.JMeterThread: Thread started: Submit Summary Report 1-48
2026-04-28 16:22:28,708 INFO o.a.j.t.JMeterThread: Thread started: Submit Summary Report 1-49
2026-04-28 16:22:28,712 INFO o.a.j.t.JMeterThread: Thread started: Submit Summary Report 1-50
2026-04-28 16:22:28,717 INFO o.a.j.t.JMeterThread: Thread started: Submit Summary Report 1-51
2026-04-28 16:22:28,722 INFO o.a.j.t.JMeterThread: Thread started: Submit Summary Report 1-52
2026-04-28 16:22:28,727 INFO o.a.j.t.JMeterThread: Thread started: Submit Summary Report 1-53
2026-04-28 16:22:28,732 INFO o.a.j.t.JMeterThread: Thread started: Submit Summary Report 1-54
2026-04-28 16:22:28,737 INFO o.a.j.t.JMeterThread: Thread started: Submit Summary Report 1-55
2026-04-28 16:22:28,743 INFO o.a.j.t.JMeterThread: Thread started: Submit Summary Report 1-56
2026-04-28 16:22:28,748 INFO o.a.j.t.JMeterThread: Thread started: Submit Summary Report 1-57
2026-04-28 16:22:28,752 INFO o.a.j.t.JMeterThread: Thread started: Submit Summary Report 1-58
2026-04-28 16:22:28,756 INFO o.a.j.t.JMeterThread: Thread started: Submit Summary Report 1-59
2026-04-28 16:22:28,762 INFO o.a.j.t.JMeterThread: Thread started: Submit Summary Report 1-60
2026-04-28 16:22:28,767 INFO o.a.j.t.JMeterThread: Thread started: Submit Summary Report 1-61
2026-04-28 16:22:28,773 INFO o.a.j.t.JMeterThread: Thread started: Submit Summary Report 1-62
2026-04-28 16:22:28,777 INFO o.a.j.t.JMeterThread: Thread started: Submit Summary Report 1-63
2026-04-28 16:22:28,782 INFO o.a.j.t.JMeterThread: Thread started: Submit Summary Report 1-64
2026-04-28 16:22:28,787 INFO o.a.j.t.JMeterThread: Thread started: Submit Summary Report 1-65
2026-04-28 16:22:28,792 INFO o.a.j.t.JMeterThread: Thread started: Submit Summary Report 1-66
2026-04-28 16:22:28,797 INFO o.a.j.t.JMeterThread: Thread started: Submit Summary Report 1-67
2026-04-28 16:22:28,801 INFO o.a.j.t.JMeterThread: Thread started: Submit Summary Report 1-68
2026-04-28 16:22:28,807 INFO o.a.j.t.JMeterThread: Thread started: Submit Summary Report 1-69
2026-04-28 16:22:28,813 INFO o.a.j.t.JMeterThread: Thread started: Submit Summary Report 1-70
2026-04-28 16:22:28,817 INFO o.a.j.t.JMeterThread: Thread started: Submit Summary Report 1-71
2026-04-28 16:22:28,822 INFO o.a.j.t.JMeterThread: Thread started: Submit Summary Report 1-72
2026-04-28 16:22:28,827 INFO o.a.j.t.JMeterThread: Thread started: Submit Summary Report 1-73
2026-04-28 16:22:28,832 INFO o.a.j.t.JMeterThread: Thread started: Submit Summary Report 1-74
2026-04-28 16:22:28,837 INFO o.a.j.t.JMeterThread: Thread started: Submit Summary Report 1-75
2026-04-28 16:22:28,842 INFO o.a.j.t.JMeterThread: Thread started: Submit Summary Report 1-76
2026-04-28 16:22:28,847 INFO o.a.j.t.JMeterThread: Thread started: Submit Summary Report 1-77
2026-04-28 16:22:28,853 INFO o.a.j.t.JMeterThread: Thread started: Submit Summary Report 1-78
2026-04-28 16:22:28,857 INFO o.a.j.t.JMeterThread: Thread started: Submit Summary Report 1-79
2026-04-28 16:22:28,862 INFO o.a.j.t.JMeterThread: Thread started: Submit Summary Report 1-80
2026-04-28 16:22:28,868 INFO o.a.j.t.JMeterThread: Thread started: Submit Summary Report 1-81
2026-04-28 16:22:28,872 INFO o.a.j.t.JMeterThread: Thread started: Submit Summary Report 1-82
2026-04-28 16:22:28,877 INFO o.a.j.t.JMeterThread: Thread started: Submit Summary Report 1-83
2026-04-28 16:22:28,883 INFO o.a.j.t.JMeterThread: Thread started: Submit Summary Report 1-84
2026-04-28 16:22:28,887 INFO o.a.j.t.JMeterThread: Thread started: Submit Summary Report 1-85
2026-04-28 16:22:28,892 INFO o.a.j.t.JMeterThread: Thread started: Submit Summary Report 1-86
2026-04-28 16:22:28,898 INFO o.a.j.t.JMeterThread: Thread started: Submit Summary Report 1-87
2026-04-28 16:22:28,902 INFO o.a.j.t.JMeterThread: Thread started: Submit Summary Report 1-88
2026-04-28 16:22:28,908 INFO o.a.j.t.JMeterThread: Thread started: Submit Summary Report 1-89
2026-04-28 16:22:28,912 INFO o.a.j.t.JMeterThread: Thread started: Submit Summary Report 1-90
2026-04-28 16:22:28,917 INFO o.a.j.t.JMeterThread: Thread started: Submit Summary Report 1-91
2026-04-28 16:22:28,922 INFO o.a.j.t.JMeterThread: Thread started: Submit Summary Report 1-92
2026-04-28 16:22:28,927 INFO o.a.j.t.JMeterThread: Thread started: Submit Summary Report 1-93
2026-04-28 16:22:28,933 INFO o.a.j.t.JMeterThread: Thread started: Submit Summary Report 1-94
2026-04-28 16:22:28,937 INFO o.a.j.t.JMeterThread: Thread started: Submit Summary Report 1-95
2026-04-28 16:22:28,942 INFO o.a.j.t.JMeterThread: Thread started: Submit Summary Report 1-96
2026-04-28 16:22:28,947 INFO o.a.j.t.JMeterThread: Thread started: Submit Summary Report 1-97
2026-04-28 16:22:28,952 INFO o.a.j.t.JMeterThread: Thread started: Submit Summary Report 1-98
2026-04-28 16:22:28,957 INFO o.a.j.t.JMeterThread: Thread started: Submit Summary Report 1-99
2026-04-28 16:22:28,962 INFO o.a.j.t.JMeterThread: Thread started: Submit Summary Report 1-100
2026-04-28 16:22:28,968 INFO o.a.j.t.JMeterThread: Thread started: Submit Summary Report 1-101
2026-04-28 16:22:28,973 INFO o.a.j.t.JMeterThread: Thread started: Submit Summary Report 1-102
2026-04-28 16:22:28,978 INFO o.a.j.t.JMeterThread: Thread started: Submit Summary Report 1-103
2026-04-28 16:22:28,982 INFO o.a.j.t.JMeterThread: Thread started: Submit Summary Report 1-104
2026-04-28 16:22:28,987 INFO o.a.j.t.JMeterThread: Thread started: Submit Summary Report 1-105
2026-04-28 16:22:28,992 INFO o.a.j.t.JMeterThread: Thread started: Submit Summary Report 1-106
2026-04-28 16:22:28,998 INFO o.a.j.t.JMeterThread: Thread started: Submit Summary Report 1-107
2026-04-28 16:22:29,003 INFO o.a.j.t.JMeterThread: Thread started: Submit Summary Report 1-108
2026-04-28 16:22:29,008 INFO o.a.j.t.JMeterThread: Thread started: Submit Summary Report 1-109
2026-04-28 16:22:29,013 INFO o.a.j.t.JMeterThread: Thread started: Submit Summary Report 1-110
2026-04-28 16:22:29,019 INFO o.a.j.t.JMeterThread: Thread started: Submit Summary Report 1-111
2026-04-28 16:22:29,023 INFO o.a.j.t.JMeterThread: Thread started: Submit Summary Report 1-112
2026-04-28 16:22:29,027 INFO o.a.j.t.JMeterThread: Thread started: Submit Summary Report 1-113
2026-04-28 16:22:29,032 INFO o.a.j.t.JMeterThread: Thread started: Submit Summary Report 1-114
2026-04-28 16:22:29,037 INFO o.a.j.t.JMeterThread: Thread started: Submit Summary Report 1-115
2026-04-28 16:22:29,042 INFO o.a.j.t.JMeterThread: Thread started: Submit Summary Report 1-116
2026-04-28 16:22:29,048 INFO o.a.j.t.JMeterThread: Thread started: Submit Summary Report 1-117
2026-04-28 16:22:29,053 INFO o.a.j.t.JMeterThread: Thread started: Submit Summary Report 1-118
2026-04-28 16:22:29,057 INFO o.a.j.t.JMeterThread: Thread started: Submit Summary Report 1-119
2026-04-28 16:22:29,063 INFO o.a.j.t.JMeterThread: Thread started: Submit Summary Report 1-120
2026-04-28 16:22:29,067 INFO o.a.j.t.JMeterThread: Thread started: Submit Summary Report 1-121
2026-04-28 16:22:29,072 INFO o.a.j.t.JMeterThread: Thread started: Submit Summary Report 1-122
2026-04-28 16:22:29,079 INFO o.a.j.t.JMeterThread: Thread started: Submit Summary Report 1-123
2026-04-28 16:22:29,083 INFO o.a.j.t.JMeterThread: Thread started: Submit Summary Report 1-124
2026-04-28 16:22:29,087 INFO o.a.j.t.JMeterThread: Thread started: Submit Summary Report 1-125
2026-04-28 16:22:29,092 INFO o.a.j.t.JMeterThread: Thread started: Submit Summary Report 1-126
2026-04-28 16:22:29,097 INFO o.a.j.t.JMeterThread: Thread started: Submit Summary Report 1-127
2026-04-28 16:22:29,103 INFO o.a.j.t.JMeterThread: Thread started: Submit Summary Report 1-128
2026-04-28 16:22:29,108 INFO o.a.j.t.JMeterThread: Thread started: Submit Summary Report 1-129
2026-04-28 16:22:29,112 INFO o.a.j.t.JMeterThread: Thread started: Submit Summary Report 1-130
2026-04-28 16:22:29,118 INFO o.a.j.t.JMeterThread: Thread started: Submit Summary Report 1-131
2026-04-28 16:22:29,123 INFO o.a.j.t.JMeterThread: Thread started: Submit Summary Report 1-132
2026-04-28 16:22:29,127 INFO o.a.j.t.JMeterThread: Thread started: Submit Summary Report 1-133
2026-04-28 16:22:29,133 INFO o.a.j.t.JMeterThread: Thread started: Submit Summary Report 1-134
2026-04-28 16:22:29,137 INFO o.a.j.t.JMeterThread: Thread started: Submit Summary Report 1-135
2026-04-28 16:22:29,143 INFO o.a.j.t.JMeterThread: Thread started: Submit Summary Report 1-136
2026-04-28 16:22:29,148 INFO o.a.j.t.JMeterThread: Thread started: Submit Summary Report 1-137
2026-04-28 16:22:29,153 INFO o.a.j.t.JMeterThread: Thread started: Submit Summary Report 1-138
2026-04-28 16:22:29,158 INFO o.a.j.t.JMeterThread: Thread started: Submit Summary Report 1-139
2026-04-28 16:22:29,163 INFO o.a.j.t.JMeterThread: Thread started: Submit Summary Report 1-140
2026-04-28 16:22:29,168 INFO o.a.j.t.JMeterThread: Thread started: Submit Summary Report 1-141
2026-04-28 16:22:29,173 INFO o.a.j.t.JMeterThread: Thread started: Submit Summary Report 1-142
2026-04-28 16:22:29,177 INFO o.a.j.t.JMeterThread: Thread started: Submit Summary Report 1-143
2026-04-28 16:22:29,183 INFO o.a.j.t.JMeterThread: Thread started: Submit Summary Report 1-144
2026-04-28 16:22:29,188 INFO o.a.j.t.JMeterThread: Thread started: Submit Summary Report 1-145
2026-04-28 16:22:29,192 INFO o.a.j.t.JMeterThread: Thread started: Submit Summary Report 1-146
2026-04-28 16:22:29,198 INFO o.a.j.t.JMeterThread: Thread started: Submit Summary Report 1-147
2026-04-28 16:22:29,203 INFO o.a.j.t.JMeterThread: Thread started: Submit Summary Report 1-148
2026-04-28 16:22:29,207 INFO o.a.j.t.JMeterThread: Thread started: Submit Summary Report 1-149
2026-04-28 16:22:29,212 INFO o.a.j.t.JMeterThread: Thread started: Submit Summary Report 1-150
2026-04-28 16:22:29,217 INFO o.a.j.t.JMeterThread: Thread started: Submit Summary Report 1-151
2026-04-28 16:22:29,222 INFO o.a.j.t.JMeterThread: Thread started: Submit Summary Report 1-152
2026-04-28 16:22:29,228 INFO o.a.j.t.JMeterThread: Thread started: Submit Summary Report 1-153
2026-04-28 16:22:29,232 INFO o.a.j.t.JMeterThread: Thread started: Submit Summary Report 1-154
2026-04-28 16:22:29,237 INFO o.a.j.t.JMeterThread: Thread started: Submit Summary Report 1-155
2026-04-28 16:22:29,243 INFO o.a.j.t.JMeterThread: Thread started: Submit Summary Report 1-156
2026-04-28 16:22:29,247 INFO o.a.j.t.JMeterThread: Thread started: Submit Summary Report 1-157
2026-04-28 16:22:29,252 INFO o.a.j.t.JMeterThread: Thread started: Submit Summary Report 1-158
2026-04-28 16:22:29,256 INFO o.a.j.t.JMeterThread: Thread started: Submit Summary Report 1-159
2026-04-28 16:22:29,262 INFO o.a.j.t.JMeterThread: Thread started: Submit Summary Report 1-160
2026-04-28 16:22:29,267 INFO o.a.j.t.JMeterThread: Thread started: Submit Summary Report 1-161
2026-04-28 16:22:29,272 INFO o.a.j.t.JMeterThread: Thread started: Submit Summary Report 1-162
2026-04-28 16:22:29,277 INFO o.a.j.t.JMeterThread: Thread started: Submit Summary Report 1-163
2026-04-28 16:22:29,282 INFO o.a.j.t.JMeterThread: Thread started: Submit Summary Report 1-164
2026-04-28 16:22:29,287 INFO o.a.j.t.JMeterThread: Thread started: Submit Summary Report 1-165
2026-04-28 16:22:29,292 INFO o.a.j.t.JMeterThread: Thread started: Submit Summary Report 1-166
2026-04-28 16:22:29,297 INFO o.a.j.t.JMeterThread: Thread started: Submit Summary Report 1-167
2026-04-28 16:22:29,303 INFO o.a.j.t.JMeterThread: Thread started: Submit Summary Report 1-168
2026-04-28 16:22:29,307 INFO o.a.j.t.JMeterThread: Thread started: Submit Summary Report 1-169
2026-04-28 16:22:29,312 INFO o.a.j.t.JMeterThread: Thread started: Submit Summary Report 1-170
2026-04-28 16:22:29,318 INFO o.a.j.t.JMeterThread: Thread started: Submit Summary Report 1-171
2026-04-28 16:22:29,322 INFO o.a.j.t.JMeterThread: Thread started: Submit Summary Report 1-172
2026-04-28 16:22:29,327 INFO o.a.j.t.JMeterThread: Thread started: Submit Summary Report 1-173
2026-04-28 16:22:29,332 INFO o.a.j.t.JMeterThread: Thread started: Submit Summary Report 1-174
2026-04-28 16:22:29,337 INFO o.a.j.t.JMeterThread: Thread started: Submit Summary Report 1-175
2026-04-28 16:22:29,342 INFO o.a.j.t.JMeterThread: Thread started: Submit Summary Report 1-176
2026-04-28 16:22:29,347 INFO o.a.j.t.JMeterThread: Thread started: Submit Summary Report 1-177
2026-04-28 16:22:29,352 INFO o.a.j.t.JMeterThread: Thread started: Submit Summary Report 1-178
2026-04-28 16:22:29,358 INFO o.a.j.t.JMeterThread: Thread started: Submit Summary Report 1-179
2026-04-28 16:22:29,366 INFO o.a.j.t.JMeterThread: Thread started: Submit Summary Report 1-180
2026-04-28 16:22:29,368 INFO o.a.j.t.JMeterThread: Thread started: Submit Summary Report 1-181
2026-04-28 16:22:29,371 INFO o.a.j.t.JMeterThread: Thread started: Submit Summary Report 1-182
2026-04-28 16:22:29,376 INFO o.a.j.t.JMeterThread: Thread started: Submit Summary Report 1-183
2026-04-28 16:22:29,382 INFO o.a.j.t.JMeterThread: Thread started: Submit Summary Report 1-184
2026-04-28 16:22:29,387 INFO o.a.j.t.JMeterThread: Thread started: Submit Summary Report 1-185
2026-04-28 16:22:29,392 INFO o.a.j.t.JMeterThread: Thread started: Submit Summary Report 1-186
2026-04-28 16:22:29,398 INFO o.a.j.t.JMeterThread: Thread started: Submit Summary Report 1-187
2026-04-28 16:22:29,403 INFO o.a.j.t.JMeterThread: Thread started: Submit Summary Report 1-188
2026-04-28 16:22:29,409 INFO o.a.j.t.JMeterThread: Thread started: Submit Summary Report 1-189
2026-04-28 16:22:29,412 INFO o.a.j.t.JMeterThread: Thread started: Submit Summary Report 1-190
2026-04-28 16:22:29,417 INFO o.a.j.t.JMeterThread: Thread started: Submit Summary Report 1-191
2026-04-28 16:22:29,422 INFO o.a.j.t.JMeterThread: Thread started: Submit Summary Report 1-192
2026-04-28 16:22:29,427 INFO o.a.j.t.JMeterThread: Thread started: Submit Summary Report 1-193
2026-04-28 16:22:29,433 INFO o.a.j.t.JMeterThread: Thread started: Submit Summary Report 1-194
2026-04-28 16:22:29,438 INFO o.a.j.t.JMeterThread: Thread started: Submit Summary Report 1-195
2026-04-28 16:22:29,442 INFO o.a.j.t.JMeterThread: Thread started: Submit Summary Report 1-196
2026-04-28 16:22:29,448 INFO o.a.j.t.JMeterThread: Thread started: Submit Summary Report 1-197
2026-04-28 16:22:29,452 INFO o.a.j.t.JMeterThread: Thread started: Submit Summary Report 1-198
2026-04-28 16:22:29,457 INFO o.a.j.t.JMeterThread: Thread started: Submit Summary Report 1-199
2026-04-28 16:22:29,463 INFO o.a.j.t.JMeterThread: Thread started: Submit Summary Report 1-200
2026-04-28 16:22:48,419 INFO o.a.j.t.JMeterThread: Thread is done: Submit Summary Report 1-16
2026-04-28 16:22:48,419 INFO o.a.j.t.JMeterThread: Thread finished: Submit Summary Report 1-16
2026-04-28 16:22:48,504 INFO o.a.j.t.JMeterThread: Thread is done: Submit Summary Report 1-1
2026-04-28 16:22:48,504 INFO o.a.j.t.JMeterThread: Thread finished: Submit Summary Report 1-1
2026-04-28 16:22:48,535 INFO o.a.j.t.JMeterThread: Thread is done: Submit Summary Report 1-4
2026-04-28 16:22:48,536 INFO o.a.j.t.JMeterThread: Thread finished: Submit Summary Report 1-4
2026-04-28 16:22:48,554 INFO o.a.j.t.JMeterThread: Thread is done: Submit Summary Report 1-26
2026-04-28 16:22:48,555 INFO o.a.j.t.JMeterThread: Thread finished: Submit Summary Report 1-26
2026-04-28 16:22:48,595 INFO o.a.j.t.JMeterThread: Thread is done: Submit Summary Report 1-32
2026-04-28 16:22:48,595 INFO o.a.j.t.JMeterThread: Thread finished: Submit Summary Report 1-32
2026-04-28 16:22:48,600 INFO o.a.j.t.JMeterThread: Thread is done: Submit Summary Report 1-31
2026-04-28 16:22:48,600 INFO o.a.j.t.JMeterThread: Thread finished: Submit Summary Report 1-31
2026-04-28 16:22:48,605 INFO o.a.j.t.JMeterThread: Thread is done: Submit Summary Report 1-29
2026-04-28 16:22:48,605 INFO o.a.j.t.JMeterThread: Thread finished: Submit Summary Report 1-29
2026-04-28 16:22:48,621 INFO o.a.j.t.JMeterThread: Thread is done: Submit Summary Report 1-8
2026-04-28 16:22:48,622 INFO o.a.j.t.JMeterThread: Thread finished: Submit Summary Report 1-8
2026-04-28 16:22:48,623 INFO o.a.j.t.JMeterThread: Thread is done: Submit Summary Report 1-15
2026-04-28 16:22:48,623 INFO o.a.j.t.JMeterThread: Thread finished: Submit Summary Report 1-15
2026-04-28 16:22:48,633 INFO o.a.j.t.JMeterThread: Thread is done: Submit Summary Report 1-12
2026-04-28 16:22:48,634 INFO o.a.j.t.JMeterThread: Thread finished: Submit Summary Report 1-12
2026-04-28 16:22:48,635 INFO o.a.j.t.JMeterThread: Thread is done: Submit Summary Report 1-28
2026-04-28 16:22:48,635 INFO o.a.j.t.JMeterThread: Thread finished: Submit Summary Report 1-28
2026-04-28 16:22:48,641 INFO o.a.j.t.JMeterThread: Thread is done: Submit Summary Report 1-10
2026-04-28 16:22:48,642 INFO o.a.j.t.JMeterThread: Thread finished: Submit Summary Report 1-10
2026-04-28 16:22:48,662 INFO o.a.j.t.JMeterThread: Thread is done: Submit Summary Report 1-3
2026-04-28 16:22:48,663 INFO o.a.j.t.JMeterThread: Thread finished: Submit Summary Report 1-3
2026-04-28 16:22:48,668 INFO o.a.j.t.JMeterThread: Thread is done: Submit Summary Report 1-13
2026-04-28 16:22:48,669 INFO o.a.j.t.JMeterThread: Thread finished: Submit Summary Report 1-13
2026-04-28 16:22:48,687 INFO o.a.j.t.JMeterThread: Thread is done: Submit Summary Report 1-27
2026-04-28 16:22:48,687 INFO o.a.j.t.JMeterThread: Thread finished: Submit Summary Report 1-27
2026-04-28 16:22:48,700 INFO o.a.j.t.JMeterThread: Thread is done: Submit Summary Report 1-25
2026-04-28 16:22:48,700 INFO o.a.j.t.JMeterThread: Thread finished: Submit Summary Report 1-25
2026-04-28 16:22:48,701 INFO o.a.j.t.JMeterThread: Thread is done: Submit Summary Report 1-14
2026-04-28 16:22:48,701 INFO o.a.j.t.JMeterThread: Thread is done: Submit Summary Report 1-19
2026-04-28 16:22:48,701 INFO o.a.j.t.JMeterThread: Thread finished: Submit Summary Report 1-14
2026-04-28 16:22:48,701 INFO o.a.j.t.JMeterThread: Thread finished: Submit Summary Report 1-19
2026-04-28 16:22:48,707 INFO o.a.j.t.JMeterThread: Thread is done: Submit Summary Report 1-37
2026-04-28 16:22:48,707 INFO o.a.j.t.JMeterThread: Thread finished: Submit Summary Report 1-37
2026-04-28 16:22:48,713 INFO o.a.j.t.JMeterThread: Thread is done: Submit Summary Report 1-7
2026-04-28 16:22:48,714 INFO o.a.j.t.JMeterThread: Thread finished: Submit Summary Report 1-7
2026-04-28 16:22:48,718 INFO o.a.j.t.JMeterThread: Thread is done: Submit Summary Report 1-5
2026-04-28 16:22:48,718 INFO o.a.j.t.JMeterThread: Thread finished: Submit Summary Report 1-5
2026-04-28 16:22:48,728 INFO o.a.j.t.JMeterThread: Thread is done: Submit Summary Report 1-30
2026-04-28 16:22:48,729 INFO o.a.j.t.JMeterThread: Thread finished: Submit Summary Report 1-30
2026-04-28 16:22:48,733 INFO o.a.j.t.JMeterThread: Thread is done: Submit Summary Report 1-9
2026-04-28 16:22:48,734 INFO o.a.j.t.JMeterThread: Thread finished: Submit Summary Report 1-9
2026-04-28 16:22:48,761 INFO o.a.j.t.JMeterThread: Thread is done: Submit Summary Report 1-2
2026-04-28 16:22:48,761 INFO o.a.j.t.JMeterThread: Thread is done: Submit Summary Report 1-34
2026-04-28 16:22:48,761 INFO o.a.j.t.JMeterThread: Thread finished: Submit Summary Report 1-34
2026-04-28 16:22:48,761 INFO o.a.j.t.JMeterThread: Thread finished: Submit Summary Report 1-2
2026-04-28 16:22:48,784 INFO o.a.j.t.JMeterThread: Thread is done: Submit Summary Report 1-21
2026-04-28 16:22:48,785 INFO o.a.j.t.JMeterThread: Thread finished: Submit Summary Report 1-21
2026-04-28 16:22:48,785 INFO o.a.j.t.JMeterThread: Thread is done: Submit Summary Report 1-22
2026-04-28 16:22:48,785 INFO o.a.j.t.JMeterThread: Thread finished: Submit Summary Report 1-22
2026-04-28 16:22:48,797 INFO o.a.j.t.JMeterThread: Thread is done: Submit Summary Report 1-20
2026-04-28 16:22:48,798 INFO o.a.j.t.JMeterThread: Thread finished: Submit Summary Report 1-20
2026-04-28 16:22:48,800 INFO o.a.j.t.JMeterThread: Thread is done: Submit Summary Report 1-43
2026-04-28 16:22:48,800 INFO o.a.j.t.JMeterThread: Thread finished: Submit Summary Report 1-43
2026-04-28 16:22:48,800 INFO o.a.j.t.JMeterThread: Thread is done: Submit Summary Report 1-44
2026-04-28 16:22:48,801 INFO o.a.j.t.JMeterThread: Thread finished: Submit Summary Report 1-44
2026-04-28 16:22:48,850 INFO o.a.j.t.JMeterThread: Thread is done: Submit Summary Report 1-36
2026-04-28 16:22:48,850 INFO o.a.j.t.JMeterThread: Thread finished: Submit Summary Report 1-36
2026-04-28 16:22:48,877 INFO o.a.j.t.JMeterThread: Thread is done: Submit Summary Report 1-33
2026-04-28 16:22:48,877 INFO o.a.j.t.JMeterThread: Thread finished: Submit Summary Report 1-33
2026-04-28 16:22:48,884 INFO o.a.j.t.JMeterThread: Thread is done: Submit Summary Report 1-45
2026-04-28 16:22:48,884 INFO o.a.j.t.JMeterThread: Thread finished: Submit Summary Report 1-45
2026-04-28 16:22:48,905 INFO o.a.j.t.JMeterThread: Thread is done: Submit Summary Report 1-39
2026-04-28 16:22:48,906 INFO o.a.j.t.JMeterThread: Thread finished: Submit Summary Report 1-39
2026-04-28 16:22:48,916 INFO o.a.j.t.JMeterThread: Thread is done: Submit Summary Report 1-42
2026-04-28 16:22:48,916 INFO o.a.j.t.JMeterThread: Thread finished: Submit Summary Report 1-42
2026-04-28 16:22:48,947 INFO o.a.j.t.JMeterThread: Thread is done: Submit Summary Report 1-46
2026-04-28 16:22:48,947 INFO o.a.j.t.JMeterThread: Thread finished: Submit Summary Report 1-46
2026-04-28 16:22:48,957 INFO o.a.j.t.JMeterThread: Thread is done: Submit Summary Report 1-24
2026-04-28 16:22:48,957 INFO o.a.j.t.JMeterThread: Thread finished: Submit Summary Report 1-24
2026-04-28 16:22:48,961 INFO o.a.j.t.JMeterThread: Thread is done: Submit Summary Report 1-38
2026-04-28 16:22:48,961 INFO o.a.j.t.JMeterThread: Thread finished: Submit Summary Report 1-38
2026-04-28 16:22:48,962 INFO o.a.j.t.JMeterThread: Thread is done: Submit Summary Report 1-55
2026-04-28 16:22:48,962 INFO o.a.j.t.JMeterThread: Thread finished: Submit Summary Report 1-55
2026-04-28 16:22:48,975 INFO o.a.j.t.JMeterThread: Thread is done: Submit Summary Report 1-41
2026-04-28 16:22:48,975 INFO o.a.j.t.JMeterThread: Thread finished: Submit Summary Report 1-41
2026-04-28 16:22:48,993 INFO o.a.j.t.JMeterThread: Thread is done: Submit Summary Report 1-56
2026-04-28 16:22:48,993 INFO o.a.j.t.JMeterThread: Thread finished: Submit Summary Report 1-56
2026-04-28 16:22:49,002 INFO o.a.j.t.JMeterThread: Thread is done: Submit Summary Report 1-47
2026-04-28 16:22:49,002 INFO o.a.j.t.JMeterThread: Thread finished: Submit Summary Report 1-47
2026-04-28 16:22:49,032 INFO o.a.j.t.JMeterThread: Thread is done: Submit Summary Report 1-35
2026-04-28 16:22:49,032 INFO o.a.j.t.JMeterThread: Thread finished: Submit Summary Report 1-35
2026-04-28 16:22:49,051 INFO o.a.j.t.JMeterThread: Thread is done: Submit Summary Report 1-54
2026-04-28 16:22:49,051 INFO o.a.j.t.JMeterThread: Thread finished: Submit Summary Report 1-54
2026-04-28 16:22:49,060 INFO o.a.j.t.JMeterThread: Thread is done: Submit Summary Report 1-60
2026-04-28 16:22:49,060 INFO o.a.j.t.JMeterThread: Thread finished: Submit Summary Report 1-60
2026-04-28 16:22:49,070 INFO o.a.j.t.JMeterThread: Thread is done: Submit Summary Report 1-48
2026-04-28 16:22:49,070 INFO o.a.j.t.JMeterThread: Thread is done: Submit Summary Report 1-23
2026-04-28 16:22:49,070 INFO o.a.j.t.JMeterThread: Thread finished: Submit Summary Report 1-23
2026-04-28 16:22:49,070 INFO o.a.j.t.JMeterThread: Thread finished: Submit Summary Report 1-48
2026-04-28 16:22:49,080 INFO o.a.j.t.JMeterThread: Thread is done: Submit Summary Report 1-62
2026-04-28 16:22:49,080 INFO o.a.j.t.JMeterThread: Thread finished: Submit Summary Report 1-62
2026-04-28 16:22:49,089 INFO o.a.j.t.JMeterThread: Thread is done: Submit Summary Report 1-72
2026-04-28 16:22:49,090 INFO o.a.j.t.JMeterThread: Thread finished: Submit Summary Report 1-72
2026-04-28 16:22:49,099 INFO o.a.j.t.JMeterThread: Thread is done: Submit Summary Report 1-17
2026-04-28 16:22:49,099 INFO o.a.j.t.JMeterThread: Thread finished: Submit Summary Report 1-17
2026-04-28 16:22:49,103 INFO o.a.j.t.JMeterThread: Thread is done: Submit Summary Report 1-49
2026-04-28 16:22:49,104 INFO o.a.j.t.JMeterThread: Thread finished: Submit Summary Report 1-49
2026-04-28 16:22:49,104 INFO o.a.j.t.JMeterThread: Thread is done: Submit Summary Report 1-61
2026-04-28 16:22:49,104 INFO o.a.j.t.JMeterThread: Thread finished: Submit Summary Report 1-61
2026-04-28 16:22:49,106 INFO o.a.j.t.JMeterThread: Thread is done: Submit Summary Report 1-50
2026-04-28 16:22:49,107 INFO o.a.j.t.JMeterThread: Thread finished: Submit Summary Report 1-50
2026-04-28 16:22:49,123 INFO o.a.j.t.JMeterThread: Thread is done: Submit Summary Report 1-78
2026-04-28 16:22:49,123 INFO o.a.j.t.JMeterThread: Thread is done: Submit Summary Report 1-18
2026-04-28 16:22:49,123 INFO o.a.j.t.JMeterThread: Thread finished: Submit Summary Report 1-78
2026-04-28 16:22:49,123 INFO o.a.j.t.JMeterThread: Thread finished: Submit Summary Report 1-18
2026-04-28 16:22:49,133 INFO o.a.j.t.JMeterThread: Thread is done: Submit Summary Report 1-73
2026-04-28 16:22:49,133 INFO o.a.j.t.JMeterThread: Thread finished: Submit Summary Report 1-73
2026-04-28 16:22:49,164 INFO o.a.j.t.JMeterThread: Thread is done: Submit Summary Report 1-52
2026-04-28 16:22:49,165 INFO o.a.j.t.JMeterThread: Thread finished: Submit Summary Report 1-52
2026-04-28 16:22:49,169 INFO o.a.j.t.JMeterThread: Thread is done: Submit Summary Report 1-6
2026-04-28 16:22:49,169 INFO o.a.j.t.JMeterThread: Thread finished: Submit Summary Report 1-6
2026-04-28 16:22:49,175 INFO o.a.j.t.JMeterThread: Thread is done: Submit Summary Report 1-68
2026-04-28 16:22:49,175 INFO o.a.j.t.JMeterThread: Thread finished: Submit Summary Report 1-68
2026-04-28 16:22:49,175 INFO o.a.j.t.JMeterThread: Thread is done: Submit Summary Report 1-63
2026-04-28 16:22:49,175 INFO o.a.j.t.JMeterThread: Thread finished: Submit Summary Report 1-63
2026-04-28 16:22:49,176 INFO o.a.j.t.JMeterThread: Thread is done: Submit Summary Report 1-67
2026-04-28 16:22:49,177 INFO o.a.j.t.JMeterThread: Thread finished: Submit Summary Report 1-67
2026-04-28 16:22:49,205 INFO o.a.j.t.JMeterThread: Thread is done: Submit Summary Report 1-51
2026-04-28 16:22:49,205 INFO o.a.j.t.JMeterThread: Thread finished: Submit Summary Report 1-51
2026-04-28 16:22:49,216 INFO o.a.j.t.JMeterThread: Thread is done: Submit Summary Report 1-70
2026-04-28 16:22:49,216 INFO o.a.j.t.JMeterThread: Thread finished: Submit Summary Report 1-70
2026-04-28 16:22:49,217 INFO o.a.j.t.JMeterThread: Thread is done: Submit Summary Report 1-75
2026-04-28 16:22:49,217 INFO o.a.j.t.JMeterThread: Thread finished: Submit Summary Report 1-75
2026-04-28 16:22:49,217 INFO o.a.j.t.JMeterThread: Thread is done: Submit Summary Report 1-11
2026-04-28 16:22:49,219 INFO o.a.j.t.JMeterThread: Thread finished: Submit Summary Report 1-11
2026-04-28 16:22:49,228 INFO o.a.j.t.JMeterThread: Thread is done: Submit Summary Report 1-96
2026-04-28 16:22:49,228 INFO o.a.j.t.JMeterThread: Thread finished: Submit Summary Report 1-96
2026-04-28 16:22:49,231 INFO o.a.j.t.JMeterThread: Thread is done: Submit Summary Report 1-57
2026-04-28 16:22:49,231 INFO o.a.j.t.JMeterThread: Thread finished: Submit Summary Report 1-57
2026-04-28 16:22:49,233 INFO o.a.j.t.JMeterThread: Thread is done: Submit Summary Report 1-91
2026-04-28 16:22:49,233 INFO o.a.j.t.JMeterThread: Thread finished: Submit Summary Report 1-91
2026-04-28 16:22:49,238 INFO o.a.j.t.JMeterThread: Thread is done: Submit Summary Report 1-64
2026-04-28 16:22:49,238 INFO o.a.j.t.JMeterThread: Thread finished: Submit Summary Report 1-64
2026-04-28 16:22:49,254 INFO o.a.j.t.JMeterThread: Thread is done: Submit Summary Report 1-53
2026-04-28 16:22:49,254 INFO o.a.j.t.JMeterThread: Thread finished: Submit Summary Report 1-53
2026-04-28 16:22:49,279 INFO o.a.j.t.JMeterThread: Thread is done: Submit Summary Report 1-69
2026-04-28 16:22:49,280 INFO o.a.j.t.JMeterThread: Thread finished: Submit Summary Report 1-69
2026-04-28 16:22:49,291 INFO o.a.j.t.JMeterThread: Thread is done: Submit Summary Report 1-98
2026-04-28 16:22:49,291 INFO o.a.j.t.JMeterThread: Thread finished: Submit Summary Report 1-98
2026-04-28 16:22:49,312 INFO o.a.j.t.JMeterThread: Thread is done: Submit Summary Report 1-79
2026-04-28 16:22:49,314 INFO o.a.j.t.JMeterThread: Thread finished: Submit Summary Report 1-79
2026-04-28 16:22:49,317 INFO o.a.j.t.JMeterThread: Thread is done: Submit Summary Report 1-66
2026-04-28 16:22:49,318 INFO o.a.j.t.JMeterThread: Thread finished: Submit Summary Report 1-66
2026-04-28 16:22:49,323 INFO o.a.j.t.JMeterThread: Thread is done: Submit Summary Report 1-110
2026-04-28 16:22:49,323 INFO o.a.j.t.JMeterThread: Thread finished: Submit Summary Report 1-110
2026-04-28 16:22:49,325 INFO o.a.j.t.JMeterThread: Thread is done: Submit Summary Report 1-77
2026-04-28 16:22:49,325 INFO o.a.j.t.JMeterThread: Thread finished: Submit Summary Report 1-77
2026-04-28 16:22:49,327 INFO o.a.j.t.JMeterThread: Thread is done: Submit Summary Report 1-80
2026-04-28 16:22:49,327 INFO o.a.j.t.JMeterThread: Thread finished: Submit Summary Report 1-80
2026-04-28 16:22:49,330 INFO o.a.j.t.JMeterThread: Thread is done: Submit Summary Report 1-92
2026-04-28 16:22:49,330 INFO o.a.j.t.JMeterThread: Thread finished: Submit Summary Report 1-92
2026-04-28 16:22:49,351 INFO o.a.j.t.JMeterThread: Thread is done: Submit Summary Report 1-111
2026-04-28 16:22:49,351 INFO o.a.j.t.JMeterThread: Thread finished: Submit Summary Report 1-111
2026-04-28 16:22:49,354 INFO o.a.j.t.JMeterThread: Thread is done: Submit Summary Report 1-90
2026-04-28 16:22:49,355 INFO o.a.j.t.JMeterThread: Thread finished: Submit Summary Report 1-90
2026-04-28 16:22:49,369 INFO o.a.j.t.JMeterThread: Thread is done: Submit Summary Report 1-87
2026-04-28 16:22:49,370 INFO o.a.j.t.JMeterThread: Thread finished: Submit Summary Report 1-87
2026-04-28 16:22:49,373 INFO o.a.j.t.JMeterThread: Thread is done: Submit Summary Report 1-109
2026-04-28 16:22:49,373 INFO o.a.j.t.JMeterThread: Thread is done: Submit Summary Report 1-114
2026-04-28 16:22:49,373 INFO o.a.j.t.JMeterThread: Thread finished: Submit Summary Report 1-109
2026-04-28 16:22:49,373 INFO o.a.j.t.JMeterThread: Thread finished: Submit Summary Report 1-114
2026-04-28 16:22:49,382 INFO o.a.j.t.JMeterThread: Thread is done: Submit Summary Report 1-116
2026-04-28 16:22:49,382 INFO o.a.j.t.JMeterThread: Thread finished: Submit Summary Report 1-116
2026-04-28 16:22:49,387 INFO o.a.j.t.JMeterThread: Thread is done: Submit Summary Report 1-86
2026-04-28 16:22:49,387 INFO o.a.j.t.JMeterThread: Thread finished: Submit Summary Report 1-86
2026-04-28 16:22:49,387 INFO o.a.j.t.JMeterThread: Thread is done: Submit Summary Report 1-74
2026-04-28 16:22:49,388 INFO o.a.j.t.JMeterThread: Thread finished: Submit Summary Report 1-74
2026-04-28 16:22:49,388 INFO o.a.j.t.JMeterThread: Thread is done: Submit Summary Report 1-65
2026-04-28 16:22:49,388 INFO o.a.j.t.JMeterThread: Thread finished: Submit Summary Report 1-65
2026-04-28 16:22:49,391 INFO o.a.j.t.JMeterThread: Thread is done: Submit Summary Report 1-104
2026-04-28 16:22:49,391 INFO o.a.j.t.JMeterThread: Thread finished: Submit Summary Report 1-104
2026-04-28 16:22:49,399 INFO o.a.j.t.JMeterThread: Thread is done: Submit Summary Report 1-133
2026-04-28 16:22:49,399 INFO o.a.j.t.JMeterThread: Thread finished: Submit Summary Report 1-133
2026-04-28 16:22:49,405 INFO o.a.j.t.JMeterThread: Thread is done: Submit Summary Report 1-99
2026-04-28 16:22:49,405 INFO o.a.j.t.JMeterThread: Thread finished: Submit Summary Report 1-99
2026-04-28 16:22:49,409 INFO o.a.j.t.JMeterThread: Thread is done: Submit Summary Report 1-154
2026-04-28 16:22:49,409 INFO o.a.j.t.JMeterThread: Thread finished: Submit Summary Report 1-154
2026-04-28 16:22:49,414 INFO o.a.j.t.JMeterThread: Thread is done: Submit Summary Report 1-81
2026-04-28 16:22:49,414 INFO o.a.j.t.JMeterThread: Thread finished: Submit Summary Report 1-81
2026-04-28 16:22:49,415 INFO o.a.j.t.JMeterThread: Thread is done: Submit Summary Report 1-97
2026-04-28 16:22:49,416 INFO o.a.j.t.JMeterThread: Thread finished: Submit Summary Report 1-97
2026-04-28 16:22:49,417 INFO o.a.j.t.JMeterThread: Thread is done: Submit Summary Report 1-102
2026-04-28 16:22:49,417 INFO o.a.j.t.JMeterThread: Thread finished: Submit Summary Report 1-102
2026-04-28 16:22:49,419 INFO o.a.j.t.JMeterThread: Thread is done: Submit Summary Report 1-93
2026-04-28 16:22:49,419 INFO o.a.j.t.JMeterThread: Thread finished: Submit Summary Report 1-93
2026-04-28 16:22:49,422 INFO o.a.j.t.JMeterThread: Thread is done: Submit Summary Report 1-108
2026-04-28 16:22:49,422 INFO o.a.j.t.JMeterThread: Thread finished: Submit Summary Report 1-108
2026-04-28 16:22:49,424 INFO o.a.j.t.JMeterThread: Thread is done: Submit Summary Report 1-85
2026-04-28 16:22:49,424 INFO o.a.j.t.JMeterThread: Thread finished: Submit Summary Report 1-85
2026-04-28 16:22:49,436 INFO o.a.j.t.JMeterThread: Thread is done: Submit Summary Report 1-124
2026-04-28 16:22:49,436 INFO o.a.j.t.JMeterThread: Thread finished: Submit Summary Report 1-124
2026-04-28 16:22:49,436 INFO o.a.j.t.JMeterThread: Thread is done: Submit Summary Report 1-105
2026-04-28 16:22:49,436 INFO o.a.j.t.JMeterThread: Thread finished: Submit Summary Report 1-105
2026-04-28 16:22:49,452 INFO o.a.j.t.JMeterThread: Thread is done: Submit Summary Report 1-84
2026-04-28 16:22:49,452 INFO o.a.j.t.JMeterThread: Thread finished: Submit Summary Report 1-84
2026-04-28 16:22:49,454 INFO o.a.j.t.JMeterThread: Thread is done: Submit Summary Report 1-121
2026-04-28 16:22:49,454 INFO o.a.j.t.JMeterThread: Thread finished: Submit Summary Report 1-121
2026-04-28 16:22:49,463 INFO o.a.j.t.JMeterThread: Thread is done: Submit Summary Report 1-58
2026-04-28 16:22:49,464 INFO o.a.j.t.JMeterThread: Thread finished: Submit Summary Report 1-58
2026-04-28 16:22:49,464 INFO o.a.j.t.JMeterThread: Thread is done: Submit Summary Report 1-76
2026-04-28 16:22:49,464 INFO o.a.j.t.JMeterThread: Thread finished: Submit Summary Report 1-76
2026-04-28 16:22:49,465 INFO o.a.j.t.JMeterThread: Thread is done: Submit Summary Report 1-128
2026-04-28 16:22:49,465 INFO o.a.j.t.JMeterThread: Thread finished: Submit Summary Report 1-128
2026-04-28 16:22:49,468 INFO o.a.j.t.JMeterThread: Thread is done: Submit Summary Report 1-95
2026-04-28 16:22:49,468 INFO o.a.j.t.JMeterThread: Thread finished: Submit Summary Report 1-95
2026-04-28 16:22:49,471 INFO o.a.j.t.JMeterThread: Thread is done: Submit Summary Report 1-131
2026-04-28 16:22:49,471 INFO o.a.j.t.JMeterThread: Thread finished: Submit Summary Report 1-131
2026-04-28 16:22:49,475 INFO o.a.j.t.JMeterThread: Thread is done: Submit Summary Report 1-156
2026-04-28 16:22:49,475 INFO o.a.j.t.JMeterThread: Thread finished: Submit Summary Report 1-156
2026-04-28 16:22:49,475 INFO o.a.j.t.JMeterThread: Thread is done: Submit Summary Report 1-144
2026-04-28 16:22:49,475 INFO o.a.j.t.JMeterThread: Thread finished: Submit Summary Report 1-144
2026-04-28 16:22:49,476 INFO o.a.j.t.JMeterThread: Thread is done: Submit Summary Report 1-103
2026-04-28 16:22:49,476 INFO o.a.j.t.JMeterThread: Thread finished: Submit Summary Report 1-103
2026-04-28 16:22:49,476 INFO o.a.j.t.JMeterThread: Thread is done: Submit Summary Report 1-123
2026-04-28 16:22:49,476 INFO o.a.j.t.JMeterThread: Thread finished: Submit Summary Report 1-123
2026-04-28 16:22:49,479 INFO o.a.j.t.JMeterThread: Thread is done: Submit Summary Report 1-117
2026-04-28 16:22:49,479 INFO o.a.j.t.JMeterThread: Thread finished: Submit Summary Report 1-117
2026-04-28 16:22:49,485 INFO o.a.j.t.JMeterThread: Thread is done: Submit Summary Report 1-59
2026-04-28 16:22:49,485 INFO o.a.j.t.JMeterThread: Thread finished: Submit Summary Report 1-59
2026-04-28 16:22:49,487 INFO o.a.j.t.JMeterThread: Thread is done: Submit Summary Report 1-138
2026-04-28 16:22:49,488 INFO o.a.j.t.JMeterThread: Thread finished: Submit Summary Report 1-138
2026-04-28 16:22:49,489 INFO o.a.j.t.JMeterThread: Thread is done: Submit Summary Report 1-40
2026-04-28 16:22:49,489 INFO o.a.j.t.JMeterThread: Thread finished: Submit Summary Report 1-40
2026-04-28 16:22:49,494 INFO o.a.j.t.JMeterThread: Thread is done: Submit Summary Report 1-185
2026-04-28 16:22:49,494 INFO o.a.j.t.JMeterThread: Thread finished: Submit Summary Report 1-185
2026-04-28 16:22:49,497 INFO o.a.j.t.JMeterThread: Thread is done: Submit Summary Report 1-88
2026-04-28 16:22:49,497 INFO o.a.j.t.JMeterThread: Thread finished: Submit Summary Report 1-88
2026-04-28 16:22:49,501 INFO o.a.j.t.JMeterThread: Thread is done: Submit Summary Report 1-150
2026-04-28 16:22:49,501 INFO o.a.j.t.JMeterThread: Thread finished: Submit Summary Report 1-150
2026-04-28 16:22:49,508 INFO o.a.j.t.JMeterThread: Thread is done: Submit Summary Report 1-164
2026-04-28 16:22:49,508 INFO o.a.j.t.JMeterThread: Thread finished: Submit Summary Report 1-164
2026-04-28 16:22:49,516 INFO o.a.j.t.JMeterThread: Thread is done: Submit Summary Report 1-126
2026-04-28 16:22:49,516 INFO o.a.j.t.JMeterThread: Thread finished: Submit Summary Report 1-126
2026-04-28 16:22:49,516 INFO o.a.j.t.JMeterThread: Thread is done: Submit Summary Report 1-173
2026-04-28 16:22:49,516 INFO o.a.j.t.JMeterThread: Thread finished: Submit Summary Report 1-173
2026-04-28 16:22:49,522 INFO o.a.j.t.JMeterThread: Thread is done: Submit Summary Report 1-139
2026-04-28 16:22:49,522 INFO o.a.j.t.JMeterThread: Thread finished: Submit Summary Report 1-139
2026-04-28 16:22:49,524 INFO o.a.j.t.JMeterThread: Thread is done: Submit Summary Report 1-127
2026-04-28 16:22:49,524 INFO o.a.j.t.JMeterThread: Thread is done: Submit Summary Report 1-190
2026-04-28 16:22:49,524 INFO o.a.j.t.JMeterThread: Thread finished: Submit Summary Report 1-190
2026-04-28 16:22:49,524 INFO o.a.j.t.JMeterThread: Thread finished: Submit Summary Report 1-127
2026-04-28 16:22:49,525 INFO o.a.j.t.JMeterThread: Thread is done: Submit Summary Report 1-158
2026-04-28 16:22:49,525 INFO o.a.j.t.JMeterThread: Thread finished: Submit Summary Report 1-158
2026-04-28 16:22:49,526 INFO o.a.j.t.JMeterThread: Thread is done: Submit Summary Report 1-143
2026-04-28 16:22:49,526 INFO o.a.j.t.JMeterThread: Thread finished: Submit Summary Report 1-143
2026-04-28 16:22:49,527 INFO o.a.j.t.JMeterThread: Thread is done: Submit Summary Report 1-137
2026-04-28 16:22:49,527 INFO o.a.j.t.JMeterThread: Thread finished: Submit Summary Report 1-137
2026-04-28 16:22:49,529 INFO o.a.j.t.JMeterThread: Thread is done: Submit Summary Report 1-71
2026-04-28 16:22:49,529 INFO o.a.j.t.JMeterThread: Thread finished: Submit Summary Report 1-71
2026-04-28 16:22:49,533 INFO o.a.j.t.JMeterThread: Thread is done: Submit Summary Report 1-134
2026-04-28 16:22:49,533 INFO o.a.j.t.JMeterThread: Thread finished: Submit Summary Report 1-134
2026-04-28 16:22:49,539 INFO o.a.j.t.JMeterThread: Thread is done: Submit Summary Report 1-140
2026-04-28 16:22:49,539 INFO o.a.j.t.JMeterThread: Thread finished: Submit Summary Report 1-140
2026-04-28 16:22:49,541 INFO o.a.j.t.JMeterThread: Thread is done: Submit Summary Report 1-149
2026-04-28 16:22:49,541 INFO o.a.j.t.JMeterThread: Thread finished: Submit Summary Report 1-149
2026-04-28 16:22:49,543 INFO o.a.j.t.JMeterThread: Thread is done: Submit Summary Report 1-132
2026-04-28 16:22:49,543 INFO o.a.j.t.JMeterThread: Thread finished: Submit Summary Report 1-132
2026-04-28 16:22:49,545 INFO o.a.j.t.JMeterThread: Thread is done: Submit Summary Report 1-152
2026-04-28 16:22:49,545 INFO o.a.j.t.JMeterThread: Thread finished: Submit Summary Report 1-152
2026-04-28 16:22:49,545 INFO o.a.j.t.JMeterThread: Thread is done: Submit Summary Report 1-145
2026-04-28 16:22:49,545 INFO o.a.j.t.JMeterThread: Thread finished: Submit Summary Report 1-145
2026-04-28 16:22:49,550 INFO o.a.j.t.JMeterThread: Thread is done: Submit Summary Report 1-175
2026-04-28 16:22:49,550 INFO o.a.j.t.JMeterThread: Thread finished: Submit Summary Report 1-175
2026-04-28 16:22:49,552 INFO o.a.j.t.JMeterThread: Thread is done: Submit Summary Report 1-112
2026-04-28 16:22:49,552 INFO o.a.j.t.JMeterThread: Thread finished: Submit Summary Report 1-112
2026-04-28 16:22:49,558 INFO o.a.j.t.JMeterThread: Thread is done: Submit Summary Report 1-187
2026-04-28 16:22:49,559 INFO o.a.j.t.JMeterThread: Thread finished: Submit Summary Report 1-187
2026-04-28 16:22:49,562 INFO o.a.j.t.JMeterThread: Thread is done: Submit Summary Report 1-101
2026-04-28 16:22:49,562 INFO o.a.j.t.JMeterThread: Thread finished: Submit Summary Report 1-101
2026-04-28 16:22:49,565 INFO o.a.j.t.JMeterThread: Thread is done: Submit Summary Report 1-122
2026-04-28 16:22:49,565 INFO o.a.j.t.JMeterThread: Thread finished: Submit Summary Report 1-122
2026-04-28 16:22:49,566 INFO o.a.j.t.JMeterThread: Thread is done: Submit Summary Report 1-115
2026-04-28 16:22:49,566 INFO o.a.j.t.JMeterThread: Thread finished: Submit Summary Report 1-115
2026-04-28 16:22:49,567 INFO o.a.j.t.JMeterThread: Thread is done: Submit Summary Report 1-196
2026-04-28 16:22:49,567 INFO o.a.j.t.JMeterThread: Thread finished: Submit Summary Report 1-196
2026-04-28 16:22:49,568 INFO o.a.j.t.JMeterThread: Thread is done: Submit Summary Report 1-162
2026-04-28 16:22:49,569 INFO o.a.j.t.JMeterThread: Thread finished: Submit Summary Report 1-162
2026-04-28 16:22:49,571 INFO o.a.j.t.JMeterThread: Thread is done: Submit Summary Report 1-166
2026-04-28 16:22:49,571 INFO o.a.j.t.JMeterThread: Thread finished: Submit Summary Report 1-166
2026-04-28 16:22:49,572 INFO o.a.j.t.JMeterThread: Thread is done: Submit Summary Report 1-89
2026-04-28 16:22:49,572 INFO o.a.j.t.JMeterThread: Thread finished: Submit Summary Report 1-89
2026-04-28 16:22:49,583 INFO o.a.j.t.JMeterThread: Thread is done: Submit Summary Report 1-182
2026-04-28 16:22:49,583 INFO o.a.j.t.JMeterThread: Thread is done: Submit Summary Report 1-174
2026-04-28 16:22:49,583 INFO o.a.j.t.JMeterThread: Thread finished: Submit Summary Report 1-182
2026-04-28 16:22:49,583 INFO o.a.j.t.JMeterThread: Thread is done: Submit Summary Report 1-120
2026-04-28 16:22:49,583 INFO o.a.j.t.JMeterThread: Thread finished: Submit Summary Report 1-120
2026-04-28 16:22:49,583 INFO o.a.j.t.JMeterThread: Thread finished: Submit Summary Report 1-174
2026-04-28 16:22:49,584 INFO o.a.j.t.JMeterThread: Thread is done: Submit Summary Report 1-181
2026-04-28 16:22:49,584 INFO o.a.j.t.JMeterThread: Thread finished: Submit Summary Report 1-181
2026-04-28 16:22:49,585 INFO o.a.j.t.JMeterThread: Thread is done: Submit Summary Report 1-160
2026-04-28 16:22:49,585 INFO o.a.j.t.JMeterThread: Thread finished: Submit Summary Report 1-160
2026-04-28 16:22:49,587 INFO o.a.j.t.JMeterThread: Thread is done: Submit Summary Report 1-163
2026-04-28 16:22:49,587 INFO o.a.j.t.JMeterThread: Thread is done: Submit Summary Report 1-113
2026-04-28 16:22:49,587 INFO o.a.j.t.JMeterThread: Thread finished: Submit Summary Report 1-163
2026-04-28 16:22:49,587 INFO o.a.j.t.JMeterThread: Thread finished: Submit Summary Report 1-113
2026-04-28 16:22:49,588 INFO o.a.j.t.JMeterThread: Thread is done: Submit Summary Report 1-106
2026-04-28 16:22:49,588 INFO o.a.j.t.JMeterThread: Thread finished: Submit Summary Report 1-106
2026-04-28 16:22:49,588 INFO o.a.j.t.JMeterThread: Thread is done: Submit Summary Report 1-170
2026-04-28 16:22:49,588 INFO o.a.j.t.JMeterThread: Thread finished: Submit Summary Report 1-170
2026-04-28 16:22:49,589 INFO o.a.j.t.JMeterThread: Thread is done: Submit Summary Report 1-151
2026-04-28 16:22:49,589 INFO o.a.j.t.JMeterThread: Thread finished: Submit Summary Report 1-151
2026-04-28 16:22:49,594 INFO o.a.j.t.JMeterThread: Thread is done: Submit Summary Report 1-179
2026-04-28 16:22:49,594 INFO o.a.j.t.JMeterThread: Thread finished: Submit Summary Report 1-179
2026-04-28 16:22:49,595 INFO o.a.j.t.JMeterThread: Thread is done: Submit Summary Report 1-135
2026-04-28 16:22:49,595 INFO o.a.j.t.JMeterThread: Thread finished: Submit Summary Report 1-135
2026-04-28 16:22:49,595 INFO o.a.j.t.JMeterThread: Thread is done: Submit Summary Report 1-141
2026-04-28 16:22:49,595 INFO o.a.j.t.JMeterThread: Thread finished: Submit Summary Report 1-141
2026-04-28 16:22:49,595 INFO o.a.j.t.JMeterThread: Thread is done: Submit Summary Report 1-169
2026-04-28 16:22:49,595 INFO o.a.j.t.JMeterThread: Thread finished: Submit Summary Report 1-169
2026-04-28 16:22:49,598 INFO o.a.j.t.JMeterThread: Thread is done: Submit Summary Report 1-146
2026-04-28 16:22:49,598 INFO o.a.j.t.JMeterThread: Thread finished: Submit Summary Report 1-146
2026-04-28 16:22:49,598 INFO o.a.j.t.JMeterThread: Thread is done: Submit Summary Report 1-186
2026-04-28 16:22:49,598 INFO o.a.j.t.JMeterThread: Thread finished: Submit Summary Report 1-186
2026-04-28 16:22:49,601 INFO o.a.j.t.JMeterThread: Thread is done: Submit Summary Report 1-155
2026-04-28 16:22:49,601 INFO o.a.j.t.JMeterThread: Thread finished: Submit Summary Report 1-155
2026-04-28 16:22:49,601 INFO o.a.j.t.JMeterThread: Thread is done: Submit Summary Report 1-118
2026-04-28 16:22:49,601 INFO o.a.j.t.JMeterThread: Thread finished: Submit Summary Report 1-118
2026-04-28 16:22:49,604 INFO o.a.j.t.JMeterThread: Thread is done: Submit Summary Report 1-192
2026-04-28 16:22:49,604 INFO o.a.j.t.JMeterThread: Thread is done: Submit Summary Report 1-157
2026-04-28 16:22:49,604 INFO o.a.j.t.JMeterThread: Thread finished: Submit Summary Report 1-192
2026-04-28 16:22:49,604 INFO o.a.j.t.JMeterThread: Thread finished: Submit Summary Report 1-157
2026-04-28 16:22:49,607 INFO o.a.j.t.JMeterThread: Thread is done: Submit Summary Report 1-136
2026-04-28 16:22:49,608 INFO o.a.j.t.JMeterThread: Thread finished: Submit Summary Report 1-136
2026-04-28 16:22:49,608 INFO o.a.j.t.JMeterThread: Thread is done: Submit Summary Report 1-197
2026-04-28 16:22:49,608 INFO o.a.j.t.JMeterThread: Thread finished: Submit Summary Report 1-197
2026-04-28 16:22:49,612 INFO o.a.j.t.JMeterThread: Thread is done: Submit Summary Report 1-191
2026-04-28 16:22:49,612 INFO o.a.j.t.JMeterThread: Thread finished: Submit Summary Report 1-191
2026-04-28 16:22:49,612 INFO o.a.j.t.JMeterThread: Thread is done: Submit Summary Report 1-168
2026-04-28 16:22:49,612 INFO o.a.j.t.JMeterThread: Thread finished: Submit Summary Report 1-168
2026-04-28 16:22:49,613 INFO o.a.j.t.JMeterThread: Thread is done: Submit Summary Report 1-188
2026-04-28 16:22:49,613 INFO o.a.j.t.JMeterThread: Thread is done: Submit Summary Report 1-129
2026-04-28 16:22:49,613 INFO o.a.j.t.JMeterThread: Thread finished: Submit Summary Report 1-188
2026-04-28 16:22:49,613 INFO o.a.j.t.JMeterThread: Thread finished: Submit Summary Report 1-129
2026-04-28 16:22:49,615 INFO o.a.j.t.JMeterThread: Thread is done: Submit Summary Report 1-180
2026-04-28 16:22:49,615 INFO o.a.j.t.JMeterThread: Thread finished: Submit Summary Report 1-180
2026-04-28 16:22:49,616 INFO o.a.j.t.JMeterThread: Thread is done: Submit Summary Report 1-147
2026-04-28 16:22:49,616 INFO o.a.j.t.JMeterThread: Thread finished: Submit Summary Report 1-147
2026-04-28 16:22:49,619 INFO o.a.j.t.JMeterThread: Thread is done: Submit Summary Report 1-183
2026-04-28 16:22:49,619 INFO o.a.j.t.JMeterThread: Thread finished: Submit Summary Report 1-183
2026-04-28 16:22:49,620 INFO o.a.j.t.JMeterThread: Thread is done: Submit Summary Report 1-193
2026-04-28 16:22:49,620 INFO o.a.j.t.JMeterThread: Thread finished: Submit Summary Report 1-193
2026-04-28 16:22:49,621 INFO o.a.j.t.JMeterThread: Thread is done: Submit Summary Report 1-83
2026-04-28 16:22:49,621 INFO o.a.j.t.JMeterThread: Thread finished: Submit Summary Report 1-83
2026-04-28 16:22:49,621 INFO o.a.j.t.JMeterThread: Thread is done: Submit Summary Report 1-176
2026-04-28 16:22:49,621 INFO o.a.j.t.JMeterThread: Thread finished: Submit Summary Report 1-176
2026-04-28 16:22:49,623 INFO o.a.j.t.JMeterThread: Thread is done: Submit Summary Report 1-194
2026-04-28 16:22:49,624 INFO o.a.j.t.JMeterThread: Thread finished: Submit Summary Report 1-194
2026-04-28 16:22:49,628 INFO o.a.j.t.JMeterThread: Thread is done: Submit Summary Report 1-167
2026-04-28 16:22:49,628 INFO o.a.j.t.JMeterThread: Thread finished: Submit Summary Report 1-167
2026-04-28 16:22:49,629 INFO o.a.j.t.JMeterThread: Thread is done: Submit Summary Report 1-198
2026-04-28 16:22:49,629 INFO o.a.j.t.JMeterThread: Thread finished: Submit Summary Report 1-198
2026-04-28 16:22:49,629 INFO o.a.j.t.JMeterThread: Thread is done: Submit Summary Report 1-161
2026-04-28 16:22:49,629 INFO o.a.j.t.JMeterThread: Thread is done: Submit Summary Report 1-199
2026-04-28 16:22:49,629 INFO o.a.j.t.JMeterThread: Thread finished: Submit Summary Report 1-161
2026-04-28 16:22:49,629 INFO o.a.j.t.JMeterThread: Thread finished: Submit Summary Report 1-199
2026-04-28 16:22:49,629 INFO o.a.j.t.JMeterThread: Thread is done: Submit Summary Report 1-142
2026-04-28 16:22:49,630 INFO o.a.j.t.JMeterThread: Thread finished: Submit Summary Report 1-142
2026-04-28 16:22:49,631 INFO o.a.j.t.JMeterThread: Thread is done: Submit Summary Report 1-148
2026-04-28 16:22:49,631 INFO o.a.j.t.JMeterThread: Thread finished: Submit Summary Report 1-148
2026-04-28 16:22:49,631 INFO o.a.j.t.JMeterThread: Thread is done: Submit Summary Report 1-107
2026-04-28 16:22:49,631 INFO o.a.j.t.JMeterThread: Thread finished: Submit Summary Report 1-107
2026-04-28 16:22:49,633 INFO o.a.j.t.JMeterThread: Thread is done: Submit Summary Report 1-172
2026-04-28 16:22:49,633 INFO o.a.j.t.JMeterThread: Thread finished: Submit Summary Report 1-172
2026-04-28 16:22:49,642 INFO o.a.j.t.JMeterThread: Thread is done: Submit Summary Report 1-82
2026-04-28 16:22:49,642 INFO o.a.j.t.JMeterThread: Thread finished: Submit Summary Report 1-82
2026-04-28 16:22:49,646 INFO o.a.j.t.JMeterThread: Thread is done: Submit Summary Report 1-159
2026-04-28 16:22:49,646 INFO o.a.j.t.JMeterThread: Thread finished: Submit Summary Report 1-159
2026-04-28 16:22:49,647 INFO o.a.j.t.JMeterThread: Thread is done: Submit Summary Report 1-119
2026-04-28 16:22:49,647 INFO o.a.j.t.JMeterThread: Thread finished: Submit Summary Report 1-119
2026-04-28 16:22:49,649 INFO o.a.j.t.JMeterThread: Thread is done: Submit Summary Report 1-94
2026-04-28 16:22:49,649 INFO o.a.j.t.JMeterThread: Thread finished: Submit Summary Report 1-94
2026-04-28 16:22:49,650 INFO o.a.j.t.JMeterThread: Thread is done: Submit Summary Report 1-165
2026-04-28 16:22:49,650 INFO o.a.j.t.JMeterThread: Thread finished: Submit Summary Report 1-165
2026-04-28 16:22:49,651 INFO o.a.j.t.JMeterThread: Thread is done: Submit Summary Report 1-153
2026-04-28 16:22:49,651 INFO o.a.j.t.JMeterThread: Thread finished: Submit Summary Report 1-153
2026-04-28 16:22:49,651 INFO o.a.j.t.JMeterThread: Thread is done: Submit Summary Report 1-171
2026-04-28 16:22:49,651 INFO o.a.j.t.JMeterThread: Thread finished: Submit Summary Report 1-171
2026-04-28 16:22:49,661 INFO o.a.j.t.JMeterThread: Thread is done: Submit Summary Report 1-125
2026-04-28 16:22:49,661 INFO o.a.j.t.JMeterThread: Thread is done: Submit Summary Report 1-184
2026-04-28 16:22:49,661 INFO o.a.j.t.JMeterThread: Thread finished: Submit Summary Report 1-184
2026-04-28 16:22:49,661 INFO o.a.j.t.JMeterThread: Thread finished: Submit Summary Report 1-125
2026-04-28 16:22:49,664 INFO o.a.j.t.JMeterThread: Thread is done: Submit Summary Report 1-130
2026-04-28 16:22:49,664 INFO o.a.j.t.JMeterThread: Thread is done: Submit Summary Report 1-189
2026-04-28 16:22:49,664 INFO o.a.j.t.JMeterThread: Thread is done: Submit Summary Report 1-100
2026-04-28 16:22:49,664 INFO o.a.j.t.JMeterThread: Thread finished: Submit Summary Report 1-100
2026-04-28 16:22:49,664 INFO o.a.j.t.JMeterThread: Thread finished: Submit Summary Report 1-189
2026-04-28 16:22:49,664 INFO o.a.j.t.JMeterThread: Thread finished: Submit Summary Report 1-130
2026-04-28 16:22:49,681 INFO o.a.j.t.JMeterThread: Thread is done: Submit Summary Report 1-200
2026-04-28 16:22:49,681 INFO o.a.j.t.JMeterThread: Thread finished: Submit Summary Report 1-200
2026-04-28 16:22:49,692 INFO o.a.j.t.JMeterThread: Thread is done: Submit Summary Report 1-195
2026-04-28 16:22:49,692 INFO o.a.j.t.JMeterThread: Thread finished: Submit Summary Report 1-195
2026-04-28 16:22:49,706 INFO o.a.j.t.JMeterThread: Thread is done: Submit Summary Report 1-177
2026-04-28 16:22:49,706 INFO o.a.j.t.JMeterThread: Thread finished: Submit Summary Report 1-177
2026-04-28 16:22:49,720 INFO o.a.j.t.JMeterThread: Thread is done: Submit Summary Report 1-178
2026-04-28 16:22:49,720 INFO o.a.j.t.JMeterThread: Thread finished: Submit Summary Report 1-178
2026-04-28 16:22:49,720 INFO o.a.j.e.StandardJMeterEngine: Notifying test listeners of end of test
2026-04-28 16:22:49,720 INFO o.a.j.g.u.JMeterMenuBar: setRunning(false, *local*)
